e:\vs 2013 program\thxyy\thxyy\debug\vc120.pdb
e:\vs 2013 program\thxyy\thxyy\debug\vc120.idb
e:\vs 2013 program\thxyy\thxyy\debug\thscheduler.obj
e:\vs 2013 program\thxyy\thxyy\debug\thstring.obj
e:\vs 2013 program\thxyy\thxyy\debug\thcamera.obj
e:\vs 2013 program\thxyy\thxyy\debug\thfont.obj
e:\vs 2013 program\thxyy\thxyy\debug\thgame.obj
e:\vs 2013 program\thxyy\thxyy\debug\thlayer.obj
e:\vs 2013 program\thxyy\thxyy\debug\thgameobject.obj
e:\vs 2013 program\thxyy\thxyy\debug\thscene.obj
e:\vs 2013 program\thxyy\thxyy\debug\thsprite.obj
e:\vs 2013 program\thxyy\thxyy\debug\mathutil.obj
e:\vs 2013 program\thxyy\thxyy\debug\matrix.obj
e:\vs 2013 program\thxyy\thxyy\debug\cwavefile.obj
e:\vs 2013 program\thxyy\thxyy\debug\thaudio.obj
e:\vs 2013 program\thxyy\thxyy\debug\thinput.obj
e:\vs 2013 program\thxyy\thxyy\debug\thapplication.obj
e:\vs 2013 program\thxyy\thxyy\debug\thsound.obj
e:\vs 2013 program\thxyy\thxyy\debug\threnderer.obj
e:\vs 2013 program\thxyy\thxyy\debug\threnderqueue.obj
e:\vs 2013 program\thxyy\thxyy\debug\theventsystem.obj
e:\vs 2013 program\thxyy\thxyy\debug\thxyy.obj
e:\vs 2013 program\thxyy\thxyy\debug\bulletfog.obj
e:\vs 2013 program\thxyy\thxyy\debug\bluefairy01.obj
e:\vs 2013 program\thxyy\thxyy\debug\enemy.obj
e:\vs 2013 program\thxyy\thxyy\debug\global.obj
e:\vs 2013 program\thxyy\thxyy\debug\player.obj
e:\vs 2013 program\thxyy\thxyy\debug\playercenter.obj
e:\vs 2013 program\thxyy\thxyy\debug\stage.obj
e:\vs 2013 program\thxyy\thxyy\debug\stgengine.obj
e:\vs 2013 program\thxyy\thxyy\debug\stgresources.obj
e:\vs 2013 program\thxyy\thxyy\debug\thassetmanager.obj
e:\vs 2013 program\thxyy\thxyy\debug\thimage.obj
e:\vs 2013 program\thxyy\thxyy\debug\thshader.obj
e:\vs 2013 program\thxyy\thxyy\debug\thtexture.obj
e:\vs 2013 program\thxyy\thxyy\debug\thcommon.obj
e:\vs 2013 program\thxyy\thxyy\debug\thengineobject.obj
e:\vs 2013 program\thxyy\thxyy\debug\thexception.obj
e:\vs 2013 program\thxyy\thxyy\debug\thexceptionmanager.obj
e:\vs 2013 program\thxyy\thxyy\debug\thframetimer.obj
e:\vs 2013 program\thxyy\thxyy\debug\thlogger.obj
e:\vs 2013 program\thxyy\thxyy\debug\thobject.obj
e:\vs 2013 program\thxyy\thxyy\debug\enemy01_001.obj
e:\vs 2013 program\thxyy\thxyy\debug\main.obj
e:\vs 2013 program\thxyy\thxyy\debug\reimu.obj
e:\vs 2013 program\thxyy\thxyy\debug\gamescene.obj
e:\vs 2013 program\thxyy\thxyy\debug\grazenumber.obj
e:\vs 2013 program\thxyy\thxyy\debug\pointnumber.obj
e:\vs 2013 program\thxyy\thxyy\debug\powernumber.obj
e:\vs 2013 program\thxyy\thxyy\debug\scorenumber.obj
e:\vs 2013 program\thxyy\thxyy\debug\stglayer.obj
e:\vs 2013 program\thxyy\thxyy\debug\title.obj
e:\vs 2013 program\thxyy\thxyy\debug\titlemenu.obj
e:\vs 2013 program\thxyy\thxyy\debug\stage01.obj
e:\vs 2013 program\thxyy\thxyy\debug\api.obj
e:\vs 2013 program\thxyy\thxyy\debug\bullet.obj
e:\vs 2013 program\thxyy\thxyy\debug\lindan.obj
e:\vs 2013 program\thxyy\thxyy\debug\pausemenu.obj
e:\vs 2013 program\thxyy\thxyy\debug\threnderobject.obj
e:\vs 2013 program\thxyy\thxyy\debug\thconcretetweener.obj
e:\vs 2013 program\thxyy\thxyy\debug\thtween.obj
e:\vs 2013 program\thxyy\thxyy\debug\thtweenmanager.obj
e:\vs 2013 program\thxyy\thxyy\debug\thtweener.obj
e:\vs 2013 program\thxyy\thxyy\debug\pausemenuitem.obj
e:\vs 2013 program\thxyy\thxyy\debug\thconcretetween.obj
e:\vs 2013 program\thxyy\thxyy\debug\thmenu.obj
e:\vs 2013 program\thxyy\thxyy\debug\thmenuitem.obj
e:\vs 2013 program\thxyy\debug\thxyy.exe
e:\vs 2013 program\thxyy\debug\thxyy.pdb
e:\vs 2013 program\thxyy\thxyy\debug\thxyy.res
e:\vs 2013 program\thxyy\thxyy\debug\thxyy.tlog\cl.command.1.tlog
e:\vs 2013 program\thxyy\thxyy\debug\thxyy.tlog\cl.read.1.tlog
e:\vs 2013 program\thxyy\thxyy\debug\thxyy.tlog\cl.write.1.tlog
e:\vs 2013 program\thxyy\thxyy\debug\thxyy.tlog\link.command.1.tlog
e:\vs 2013 program\thxyy\thxyy\debug\thxyy.tlog\link.read.1.tlog
e:\vs 2013 program\thxyy\thxyy\debug\thxyy.tlog\link.write.1.tlog
e:\vs 2013 program\thxyy\thxyy\debug\thxyy.tlog\rc.command.1.tlog
e:\vs 2013 program\thxyy\thxyy\debug\thxyy.tlog\rc.read.1.tlog
e:\vs 2013 program\thxyy\thxyy\debug\thxyy.tlog\rc.write.1.tlog
